<?xml version="1.0" encoding="UTF-8"?>
<!-- Generated by org.testng.reporters.JUnitReportReporter -->
<testsuite hostname="Kiran" name="qaclickacademy.AppiumTest" tests="2" failures="0" timestamp="17 Apr 2020 10:55:55 GMT" time="0.032" errors="0">
  <testcase name="nativeAppAndroid" time="0.004" classname="qaclickacademy.AppiumTest"/>
  <testcase name="iOSApps" time="0.028" classname="qaclickacademy.AppiumTest"/>
</testsuite> <!-- qaclickacademy.AppiumTest -->
