<?xml version="1.0" encoding="UTF-8"?>
<!-- Generated by org.testng.reporters.JUnitReportReporter -->
<testsuite skipped="0" hostname="Kiran" name="qaclickacademy.AppiumTest" tests="2" failures="0" timestamp="28 Apr 2020 07:13:08 GMT" time="0.010" errors="0">
  <testcase name="nativeAppAndroid" time="0.000" classname="qaclickacademy.AppiumTest"/>
  <testcase name="iOSApps" time="0.010" classname="qaclickacademy.AppiumTest"/>
</testsuite> <!-- qaclickacademy.AppiumTest -->
